#
# There is insufficient memory for the Java Runtime Environment to continue.
# Native memory allocation (malloc) failed to allocate 32744 bytes for ChunkPool::allocate
# Possible reasons:
#   The system is out of physical RAM or swap space
#   In 32 bit mode, the process size limit was hit
# Possible solutions:
#   Reduce memory load on the system
#   Increase physical memory or swap space
#   Check if swap backing store is full
#   Use 64 bit Java on a 64 bit OS
#   Decrease Java heap size (-Xmx/-Xms)
#   Decrease number of Java threads
#   Decrease Java thread stack sizes (-Xss)
#   Set larger code cache with -XX:ReservedCodeCacheSize=
# This output file may be truncated or incomplete.
#
#  Out of Memory Error (allocation.cpp:273), pid=7292, tid=0x0000000000001f60
#
# JRE version: Java(TM) SE Runtime Environment (8.0_101-b13) (build 1.8.0_101-b13)
# Java VM: Java HotSpot(TM) 64-Bit Server VM (25.101-b13 mixed mode windows-amd64 compressed oops)
# Failed to write core dump. Minidumps are not enabled by default on client versions of Windows
#

---------------  T H R E A D  ---------------

Current thread (0x0000000058a8b000):  JavaThread "C2 CompilerThread0" daemon [_thread_in_native, id=8032, stack(0x00000000592b0000,0x00000000593b0000)]

Stack: [0x00000000592b0000,0x00000000593b0000]
[error occurred during error reporting (printing stack bounds), id 0xc0000005]

Native frames: (J=compiled Java code, j=interpreted, Vv=VM code, C=native code)


Current CompileTask:
C2:1923084 8936       4       java.util.concurrent.ConcurrentHashMap$Traverser::advance (188 bytes)


---------------  P R O C E S S  ---------------

Java Threads: ( => current thread )
  0x000000005dd97800 JavaThread "http-nio-8080-exec-10" daemon [_thread_blocked, id=6896, stack(0x0000000065550000,0x0000000065650000)]
  0x000000005dd97000 JavaThread "http-nio-8080-exec-9" daemon [_thread_blocked, id=7948, stack(0x0000000065440000,0x0000000065540000)]
  0x000000005dd96000 JavaThread "http-nio-8080-exec-8" daemon [_thread_blocked, id=7760, stack(0x0000000065250000,0x0000000065350000)]
  0x000000005dd95800 JavaThread "http-nio-8080-exec-7" daemon [_thread_blocked, id=7032, stack(0x0000000064ce0000,0x0000000064de0000)]
  0x000000005e703800 JavaThread "http-nio-8080-exec-6" daemon [_thread_blocked, id=5556, stack(0x000000005c550000,0x000000005c650000)]
  0x000000005dd94800 JavaThread "http-nio-8080-exec-5" daemon [_thread_blocked, id=1088, stack(0x00000000647e0000,0x00000000648e0000)]
  0x000000005dd94000 JavaThread "http-nio-8080-exec-3" daemon [_thread_blocked, id=6768, stack(0x0000000064ad0000,0x0000000064bd0000)]
  0x000000005dd93000 JavaThread "http-nio-8080-exec-4" daemon [_thread_blocked, id=7828, stack(0x00000000648f0000,0x00000000649f0000)]
  0x000000005e701800 JavaThread "http-nio-8080-exec-2" daemon [_thread_blocked, id=5952, stack(0x000000005bda0000,0x000000005bea0000)]
  0x000000005dd92800 JavaThread "oracle.jdbc.driver.BlockSource.ThreadedCachingBlockSource.BlockReleaser" daemon [_thread_blocked, id=1756, stack(0x0000000063840000,0x0000000063940000)]
  0x000000005e700800 JavaThread "Tomcat JDBC Pool Cleaner[1984697014:1490686602793]" daemon [_thread_blocked, id=6592, stack(0x0000000063630000,0x0000000063730000)]
  0x000000005e700000 JavaThread "http-nio-8080-exec-1" daemon [_thread_blocked, id=6632, stack(0x00000000604e0000,0x00000000605e0000)]
  0x000000005bc15800 JavaThread "DestroyJavaVM" [_thread_blocked, id=7556, stack(0x00000000028e0000,0x00000000029e0000)]
  0x000000005bc15000 JavaThread "http-nio-8080-AsyncTimeout" daemon [_thread_blocked, id=4784, stack(0x0000000063970000,0x0000000063a70000)]
  0x000000005bc14000 JavaThread "http-nio-8080-Acceptor-0" daemon [_thread_in_native, id=7432, stack(0x0000000063730000,0x0000000063830000)]
  0x000000005bc13800 JavaThread "http-nio-8080-ClientPoller-1" daemon [_thread_in_native, id=1136, stack(0x0000000063510000,0x0000000063610000)]
  0x000000005bc12800 JavaThread "http-nio-8080-ClientPoller-0" daemon [_thread_in_native, id=7952, stack(0x00000000633b0000,0x00000000634b0000)]
  0x000000005bc12000 JavaThread "NioBlockingSelector.BlockPoller-1" daemon [_thread_in_native, id=7724, stack(0x0000000063190000,0x0000000063290000)]
  0x000000005bc11000 JavaThread "Live Reload Server" daemon [_thread_in_native, id=3452, stack(0x0000000062ac0000,0x0000000062bc0000)]
  0x000000005e705000 JavaThread "File Watcher" daemon [_thread_blocked, id=8156, stack(0x0000000062be0000,0x0000000062ce0000)]
  0x000000005e703000 JavaThread "container-0" [_thread_blocked, id=4764, stack(0x000000005f330000,0x000000005f430000)]
  0x000000005e702000 JavaThread "ContainerBackgroundProcessor[StandardEngine[Tomcat]]" daemon [_thread_blocked, id=2772, stack(0x000000005a750000,0x000000005a850000)]
  0x000000005af0a000 JavaThread "JMX server connection timeout 20" daemon [_thread_blocked, id=6652, stack(0x000000005c670000,0x000000005c770000)]
  0x000000005a0de000 JavaThread "RMI TCP Connection(37)-192.168.50.23" daemon [_thread_in_native, id=5772, stack(0x000000005c250000,0x000000005c350000)]
  0x000000005a0e1800 JavaThread "RMI Scheduler(0)" daemon [_thread_blocked, id=7876, stack(0x000000005bed0000,0x000000005bfd0000)]
  0x0000000059d4a800 JavaThread "RMI TCP Accept-0" daemon [_thread_in_native, id=7880, stack(0x000000005a640000,0x000000005a740000)]
  0x0000000059cba000 JavaThread "RMI TCP Accept-64577" daemon [_thread_in_native, id=5340, stack(0x000000005a4b0000,0x000000005a5b0000)]
  0x0000000059c34000 JavaThread "RMI TCP Accept-0" daemon [_thread_in_native, id=7400, stack(0x000000005a3a0000,0x000000005a4a0000)]
  0x0000000058b1f000 JavaThread "Service Thread" daemon [_thread_blocked, id=7908, stack(0x0000000058eb0000,0x0000000058fb0000)]
  0x0000000058aa8800 JavaThread "C1 CompilerThread2" daemon [_thread_blocked, id=7412, stack(0x00000000595d0000,0x00000000596d0000)]
  0x0000000058aa7000 JavaThread "C2 CompilerThread1" daemon [_thread_blocked, id=7020, stack(0x0000000059420000,0x0000000059520000)]
=>0x0000000058a8b000 JavaThread "C2 CompilerThread0" daemon [_thread_in_native, id=8032, stack(0x00000000592b0000,0x00000000593b0000)]
  0x0000000058a8a800 JavaThread "Attach Listener" daemon [_thread_blocked, id=6608, stack(0x0000000059170000,0x0000000059270000)]
  0x0000000057713000 JavaThread "Signal Dispatcher" daemon [_thread_blocked, id=6876, stack(0x0000000059010000,0x0000000059110000)]
  0x00000000576ff000 JavaThread "Finalizer" daemon [_thread_blocked, id=7772, stack(0x0000000058620000,0x0000000058720000)]
  0x00000000576b8000 JavaThread "Reference Handler" daemon [_thread_blocked, id=1300, stack(0x0000000058980000,0x0000000058a80000)]

Other Threads:
  0x00000000576b0800 VMThread [stack: 0x0000000058780000,0x0000000058880000] [id=7592]
  0x0000000059d4b800 WatcherThread [stack: 0x000000005a860000,0x000000005a960000] [id=7532]

VM state:not at safepoint (normal execution)

VM Mutex/Monitor currently owned by a thread: None

Heap:
 PSYoungGen      total 433664K, used 296771K [0x00000000d5b80000, 0x00000000fc100000, 0x0000000100000000)
  eden space 409600K, 68% used [0x00000000d5b80000,0x00000000e6ba3bd8,0x00000000eeb80000)
  from space 24064K, 75% used [0x00000000eeb80000,0x00000000efd2d3b8,0x00000000f0300000)
  to   space 25088K, 0% used [0x00000000fa880000,0x00000000fa880000,0x00000000fc100000)
 ParOldGen       total 80384K, used 26259K [0x0000000081200000, 0x0000000086080000, 0x00000000d5b80000)
  object space 80384K, 32% used [0x0000000081200000,0x0000000082ba4e58,0x0000000086080000)
 Metaspace       used 56218K, capacity 58568K, committed 58920K, reserved 1101824K
  class space    used 6391K, capacity 6620K, committed 6696K, reserved 1048576K

Card table byte_map: [0x0000000011da0000,0x00000000121a0000] byte_map_base: 0x0000000011997000

Marking Bits: (ParMarkBitMap*) 0x000000006295a6d0
 Begin Bits: [0x00000000129b0000, 0x0000000014968000)
 End Bits:   [0x0000000014968000, 0x0000000016920000)

Polling page: 0x0000000000120000

CodeCache: size=245760Kb used=27523Kb max_used=27558Kb free=218236Kb
 bounds [0x00000000029e0000, 0x0000000004520000, 0x00000000119e0000]
 total_blobs=8021 nmethods=7485 adapters=446
 compilation: enabled

Compilation events (10 events):
Event: 1876.893 Thread 0x0000000058a8b000 8933       4       org.springframework.web.servlet.mvc.method.RequestMappingInfoHandlerMapping::getMatchingMapping (10 bytes)
Event: 1877.069 Thread 0x0000000058aa7000 nmethod 8926 0x00000000044e1a90 code [0x00000000044e2160, 0x00000000044e6ff0]
Event: 1877.069 Thread 0x0000000058aa7000 8934       4       org.springframework.web.servlet.mvc.method.RequestMappingInfo::getMatchingCondition (134 bytes)
Event: 1877.131 Thread 0x0000000058a8b000 nmethod 8933 0x00000000044f1550 code [0x00000000044f1d00, 0x00000000044f7308]
Event: 1877.328 Thread 0x0000000058aa7000 nmethod 8934 0x0000000004503e90 code [0x0000000004504580, 0x0000000004509eb0]
Event: 1922.835 Thread 0x0000000058aa8800 8935       1       org.apache.catalina.core.ContainerBase::access$100 (5 bytes)
Event: 1922.835 Thread 0x0000000058a8b000 8936       4       java.util.concurrent.ConcurrentHashMap$Traverser::advance (188 bytes)
Event: 1922.835 Thread 0x0000000058aa8800 nmethod 8935 0x000000000356f9d0 code [0x000000000356fb20, 0x000000000356fc10]
Event: 1922.837 Thread 0x0000000058aa8800 8937       3       org.apache.catalina.mapper.MapperListener::lifecycleEvent (178 bytes)
Event: 1922.839 Thread 0x0000000058aa8800 nmethod 8937 0x0000000002ef7650 code [0x0000000002ef7900, 0x0000000002ef9278]

GC Heap History (10 events):
Event: 3.427 GC heap before
{Heap before GC invocations=7 (full 1):
 PSYoungGen      total 136704K, used 136672K [0x00000000d5b80000, 0x00000000e5a00000, 0x0000000100000000)
  eden space 131584K, 100% used [0x00000000d5b80000,0x00000000ddc00000,0x00000000ddc00000)
  from space 5120K, 99% used [0x00000000ddc00000,0x00000000de0f8030,0x00000000de100000)
  to   space 18944K, 0% used [0x00000000e4780000,0x00000000e4780000,0x00000000e5a00000)
 ParOldGen       total 57344K, used 23512K [0x0000000081200000, 0x0000000084a00000, 0x00000000d5b80000)
  object space 57344K, 41% used [0x0000000081200000,0x00000000828f60f8,0x0000000084a00000)
 Metaspace       used 34644K, capacity 35208K, committed 35496K, reserved 1081344K
  class space    used 4318K, capacity 4487K, committed 4520K, reserved 1048576K
Event: 3.445 GC heap after
Heap after GC invocations=7 (full 1):
 PSYoungGen      total 241152K, used 13375K [0x00000000d5b80000, 0x00000000e6680000, 0x0000000100000000)
  eden space 222208K, 0% used [0x00000000d5b80000,0x00000000d5b80000,0x00000000e3480000)
  from space 18944K, 70% used [0x00000000e4780000,0x00000000e548fc40,0x00000000e5a00000)
  to   space 19456K, 0% used [0x00000000e3480000,0x00000000e3480000,0x00000000e4780000)
 ParOldGen       total 57344K, used 23520K [0x0000000081200000, 0x0000000084a00000, 0x00000000d5b80000)
  object space 57344K, 41% used [0x0000000081200000,0x00000000828f80f8,0x0000000084a00000)
 Metaspace       used 34644K, capacity 35208K, committed 35496K, reserved 1081344K
  class space    used 4318K, capacity 4487K, committed 4520K, reserved 1048576K
}
Event: 3.470 GC heap before
{Heap before GC invocations=8 (full 1):
 PSYoungGen      total 241152K, used 20053K [0x00000000d5b80000, 0x00000000e6680000, 0x0000000100000000)
  eden space 222208K, 3% used [0x00000000d5b80000,0x00000000d6205988,0x00000000e3480000)
  from space 18944K, 70% used [0x00000000e4780000,0x00000000e548fc40,0x00000000e5a00000)
  to   space 19456K, 0% used [0x00000000e3480000,0x00000000e3480000,0x00000000e4780000)
 ParOldGen       total 57344K, used 23520K [0x0000000081200000, 0x0000000084a00000, 0x00000000d5b80000)
  object space 57344K, 41% used [0x0000000081200000,0x00000000828f80f8,0x0000000084a00000)
 Metaspace       used 34766K, capacity 35336K, committed 35496K, reserved 1081344K
  class space    used 4335K, capacity 4487K, committed 4520K, reserved 1048576K
Event: 3.481 GC heap after
Heap after GC invocations=8 (full 1):
 PSYoungGen      total 241664K, used 12814K [0x00000000d5b80000, 0x00000000f1a80000, 0x0000000100000000)
  eden space 222208K, 0% used [0x00000000d5b80000,0x00000000d5b80000,0x00000000e3480000)
  from space 19456K, 65% used [0x00000000e3480000,0x00000000e4103918,0x00000000e4780000)
  to   space 19968K, 0% used [0x00000000f0700000,0x00000000f0700000,0x00000000f1a80000)
 ParOldGen       total 57344K, used 23528K [0x0000000081200000, 0x0000000084a00000, 0x00000000d5b80000)
  object space 57344K, 41% used [0x0000000081200000,0x00000000828fa0f8,0x0000000084a00000)
 Metaspace       used 34766K, capacity 35336K, committed 35496K, reserved 1081344K
  class space    used 4335K, capacity 4487K, committed 4520K, reserved 1048576K
}
Event: 3.481 GC heap before
{Heap before GC invocations=9 (full 2):
 PSYoungGen      total 241664K, used 12814K [0x00000000d5b80000, 0x00000000f1a80000, 0x0000000100000000)
  eden space 222208K, 0% used [0x00000000d5b80000,0x00000000d5b80000,0x00000000e3480000)
  from space 19456K, 65% used [0x00000000e3480000,0x00000000e4103918,0x00000000e4780000)
  to   space 19968K, 0% used [0x00000000f0700000,0x00000000f0700000,0x00000000f1a80000)
 ParOldGen       total 57344K, used 23528K [0x0000000081200000, 0x0000000084a00000, 0x00000000d5b80000)
  object space 57344K, 41% used [0x0000000081200000,0x00000000828fa0f8,0x0000000084a00000)
 Metaspace       used 34766K, capacity 35336K, committed 35496K, reserved 1081344K
  class space    used 4335K, capacity 4487K, committed 4520K, reserved 1048576K
Event: 3.547 GC heap after
Heap after GC invocations=9 (full 2):
 PSYoungGen      total 241664K, used 0K [0x00000000d5b80000, 0x00000000f1a80000, 0x0000000100000000)
  eden space 222208K, 0% used [0x00000000d5b80000,0x00000000d5b80000,0x00000000e3480000)
  from space 19456K, 0% used [0x00000000e3480000,0x00000000e3480000,0x00000000e4780000)
  to   space 19968K, 0% used [0x00000000f0700000,0x00000000f0700000,0x00000000f1a80000)
 ParOldGen       total 80384K, used 24248K [0x0000000081200000, 0x0000000086080000, 0x00000000d5b80000)
  object space 80384K, 30% used [0x0000000081200000,0x00000000829ae330,0x0000000086080000)
 Metaspace       used 34766K, capacity 35336K, committed 35496K, reserved 1081344K
  class space    used 4335K, capacity 4487K, committed 4520K, reserved 1048576K
}
Event: 51.178 GC heap before
{Heap before GC invocations=10 (full 2):
 PSYoungGen      total 241664K, used 222208K [0x00000000d5b80000, 0x00000000f1a80000, 0x0000000100000000)
  eden space 222208K, 100% used [0x00000000d5b80000,0x00000000e3480000,0x00000000e3480000)
  from space 19456K, 0% used [0x00000000e3480000,0x00000000e3480000,0x00000000e4780000)
  to   space 19968K, 0% used [0x00000000f0700000,0x00000000f0700000,0x00000000f1a80000)
 ParOldGen       total 80384K, used 24248K [0x0000000081200000, 0x0000000086080000, 0x00000000d5b80000)
  object space 80384K, 30% used [0x0000000081200000,0x00000000829ae330,0x0000000086080000)
 Metaspace       used 52898K, capacity 53700K, committed 54184K, reserved 1097728K
  class space    used 6344K, capacity 6535K, committed 6568K, reserved 1048576K
Event: 51.217 GC heap after
Heap after GC invocations=10 (full 2):
 PSYoungGen      total 419328K, used 19963K [0x00000000d5b80000, 0x00000000f1a80000, 0x0000000100000000)
  eden space 399360K, 0% used [0x00000000d5b80000,0x00000000d5b80000,0x00000000ee180000)
  from space 19968K, 99% used [0x00000000f0700000,0x00000000f1a7eff0,0x00000000f1a80000)
  to   space 24064K, 0% used [0x00000000eeb80000,0x00000000eeb80000,0x00000000f0300000)
 ParOldGen       total 80384K, used 26251K [0x0000000081200000, 0x0000000086080000, 0x00000000d5b80000)
  object space 80384K, 32% used [0x0000000081200000,0x0000000082ba2e58,0x0000000086080000)
 Metaspace       used 52898K, capacity 53700K, committed 54184K, reserved 1097728K
  class space    used 6344K, capacity 6535K, committed 6568K, reserved 1048576K
}
Event: 553.232 GC heap before
{Heap before GC invocations=11 (full 2):
 PSYoungGen      total 419328K, used 419323K [0x00000000d5b80000, 0x00000000f1a80000, 0x0000000100000000)
  eden space 399360K, 100% used [0x00000000d5b80000,0x00000000ee180000,0x00000000ee180000)
  from space 19968K, 99% used [0x00000000f0700000,0x00000000f1a7eff0,0x00000000f1a80000)
  to   space 24064K, 0% used [0x00000000eeb80000,0x00000000eeb80000,0x00000000f0300000)
 ParOldGen       total 80384K, used 26251K [0x0000000081200000, 0x0000000086080000, 0x00000000d5b80000)
  object space 80384K, 32% used [0x0000000081200000,0x0000000082ba2e58,0x0000000086080000)
 Metaspace       used 55529K, capacity 57484K, committed 57896K, reserved 1099776K
  class space    used 6379K, capacity 6601K, committed 6696K, reserved 1048576K
Event: 553.247 GC heap after
Heap after GC invocations=11 (full 2):
 PSYoungGen      total 433664K, used 18100K [0x00000000d5b80000, 0x00000000fc100000, 0x0000000100000000)
  eden space 409600K, 0% used [0x00000000d5b80000,0x00000000d5b80000,0x00000000eeb80000)
  from space 24064K, 75% used [0x00000000eeb80000,0x00000000efd2d3b8,0x00000000f0300000)
  to   space 25088K, 0% used [0x00000000fa880000,0x00000000fa880000,0x00000000fc100000)
 ParOldGen       total 80384K, used 26259K [0x0000000081200000, 0x0000000086080000, 0x00000000d5b80000)
  object space 80384K, 32% used [0x0000000081200000,0x0000000082ba4e58,0x0000000086080000)
 Metaspace       used 55529K, capacity 57484K, committed 57896K, reserved 1099776K
  class space    used 6379K, capacity 6601K, committed 6696K, reserved 1048576K
}

Deoptimization events (10 events):
Event: 302.707 Thread 0x000000005dd94800 Uncommon trap: reason=array_check action=maybe_recompile pc=0x000000000404ab1c method=java.util.TimSort.binarySort([Ljava/lang/Object;IIILjava/util/Comparator;)V @ 193
Event: 302.751 Thread 0x000000005dd94800 Uncommon trap: reason=array_check action=maybe_recompile pc=0x000000000404ab1c method=java.util.TimSort.binarySort([Ljava/lang/Object;IIILjava/util/Comparator;)V @ 193
Event: 302.764 Thread 0x000000005dd94800 Uncommon trap: reason=array_check action=maybe_recompile pc=0x000000000404abe4 method=java.util.TimSort.binarySort([Ljava/lang/Object;IIILjava/util/Comparator;)V @ 183
Event: 302.766 Thread 0x000000005dd94800 Uncommon trap: reason=array_check action=maybe_recompile pc=0x000000000404ab1c method=java.util.TimSort.binarySort([Ljava/lang/Object;IIILjava/util/Comparator;)V @ 193
Event: 302.797 Thread 0x000000005dd94800 Uncommon trap: reason=unstable_if action=reinterpret pc=0x0000000003d07a44 method=org.eclipse.jdt.internal.compiler.codegen.CharArrayCache.putIfAbsent([CI)I @ 45
Event: 304.269 Thread 0x000000005a0de000 Uncommon trap: reason=class_check action=maybe_recompile pc=0x00000000033d1954 method=java.lang.reflect.Array.newInstance(Ljava/lang/Class;I)Ljava/lang/Object; @ 2
Event: 465.949 Thread 0x000000005dd93000 Uncommon trap: reason=predicate action=maybe_recompile pc=0x0000000002fe27c8 method=java.util.TimSort.reverseRange([Ljava/lang/Object;II)V @ 8
Event: 465.980 Thread 0x000000005dd93000 Uncommon trap: reason=unstable_if action=reinterpret pc=0x0000000003dbac74 method=org.eclipse.jdt.internal.compiler.codegen.ConstantPool.literalIndexForLdc([C)I @ 149
Event: 604.271 Thread 0x000000005a0de000 Uncommon trap: reason=class_check action=maybe_recompile pc=0x00000000033d1954 method=java.lang.reflect.Array.newInstance(Ljava/lang/Class;I)Ljava/lang/Object; @ 2
Event: 904.274 Thread 0x000000005a0de000 Uncommon trap: reason=class_check action=maybe_recompile pc=0x00000000033d1954 method=java.lang.reflect.Array.newInstance(Ljava/lang/Class;I)Ljava/lang/Object; @ 2

Internal exceptions (10 events):
Event: 29.187 Thread 0x000000005e700000 Exception <a 'java/lang/ArrayIndexOutOfBoundsException': 25667> (0x00000000e0c62368) thrown at [C:\re\workspace\8-2-build-windows-amd64-cygwin\jdk8u101\7261\hotspot\src\share\vm\interpreter\interpreterRuntime.cpp, line 366]
Event: 29.417 Thread 0x000000005e700000 Exception <a 'java/lang/ClassNotFoundException': com/team1/util/PaginationBeanInfo> (0x00000000e1c4a590) thrown at [C:\re\workspace\8-2-build-windows-amd64-cygwin\jdk8u101\7261\hotspot\src\share\vm\classfile\systemDictionary.cpp, line 210]
Event: 29.418 Thread 0x000000005e700000 Exception <a 'java/lang/ClassNotFoundException': com/team1/util/PaginationCustomizer> (0x00000000e1c5b2f8) thrown at [C:\re\workspace\8-2-build-windows-amd64-cygwin\jdk8u101\7261\hotspot\src\share\vm\classfile\systemDictionary.cpp, line 210]
Event: 29.421 Thread 0x000000005e700000 Exception <a 'java/lang/ClassNotFoundException': com/team1/domain/CosmaticBeanInfo> (0x00000000e1cb4908) thrown at [C:\re\workspace\8-2-build-windows-amd64-cygwin\jdk8u101\7261\hotspot\src\share\vm\classfile\systemDictionary.cpp, line 210]
Event: 29.422 Thread 0x000000005e700000 Exception <a 'java/lang/ClassNotFoundException': com/team1/domain/CosmaticCustomizer> (0x00000000e1cc5678) thrown at [C:\re\workspace\8-2-build-windows-amd64-cygwin\jdk8u101\7261\hotspot\src\share\vm\classfile\systemDictionary.cpp, line 210]
Event: 29.632 Thread 0x000000005dd95800 Exception <a 'java/io/FileNotFoundException'> (0x00000000e2208838) thrown at [C:\re\workspace\8-2-build-windows-amd64-cygwin\jdk8u101\7261\hotspot\src\share\vm\prims\jni.cpp, line 709]
Event: 29.632 Thread 0x000000005dd95800 Exception <a 'java/io/FileNotFoundException'> (0x00000000e22094f0) thrown at [C:\re\workspace\8-2-build-windows-amd64-cygwin\jdk8u101\7261\hotspot\src\share\vm\prims\jni.cpp, line 709]
Event: 50.990 Thread 0x000000005dd97800 Exception <a 'java/lang/ArrayIndexOutOfBoundsException': 25824> (0x00000000e2a3fe28) thrown at [C:\re\workspace\8-2-build-windows-amd64-cygwin\jdk8u101\7261\hotspot\src\share\vm\interpreter\interpreterRuntime.cpp, line 366]
Event: 60.980 Thread 0x000000005dd96000 Exception <a 'java/lang/ArrayIndexOutOfBoundsException'> (0x00000000d69faf50) thrown at [C:\re\workspace\8-2-build-windows-amd64-cygwin\jdk8u101\7261\hotspot\src\share\vm\runtime\sharedRuntime.cpp, line 605]
Event: 233.050 Thread 0x000000005e700000 Implicit null exception at 0x0000000003f220cc to 0x0000000003f2c1ad

Events (10 events):
Event: 1877.069 Thread 0x0000000058aa7000 flushing nmethod 0x0000000002b60790
Event: 1877.069 Thread 0x0000000058aa7000 flushing nmethod 0x0000000002b97fd0
Event: 1877.069 Thread 0x0000000058aa7000 flushing nmethod 0x0000000002badb90
Event: 1877.069 Thread 0x0000000058aa7000 flushing nmethod 0x0000000002bc8550
Event: 1877.132 Thread 0x0000000058a8b000 flushing nmethod 0x0000000002c7ff10
Event: 1877.132 Thread 0x0000000058a8b000 flushing nmethod 0x0000000002c86a50
Event: 1877.132 Thread 0x0000000058a8b000 flushing nmethod 0x0000000002cb6090
Event: 1877.329 Thread 0x0000000058aa7000 flushing nmethod 0x0000000002d41510
Event: 1877.329 Thread 0x0000000058aa7000 flushing nmethod 0x0000000002d44110
Event: 1922.836 Thread 0x0000000058aa8800 flushing nmethod 0x0000000002eb6c10


Dynamic libraries:
0x000000013fa00000 - 0x000000013fa37000 	C:\Program Files\Java\jdk1.8.0_101\bin\javaw.exe
0x0000000077530000 - 0x00000000776da000 	C:\Windows\SYSTEM32\ntdll.dll
0x0000000077410000 - 0x000000007752f000 	C:\Windows\system32\kernel32.dll
0x000007fefd2c0000 - 0x000007fefd32a000 	C:\Windows\system32\KERNELBASE.dll
0x000007fefdc90000 - 0x000007fefdd6b000 	C:\Windows\system32\ADVAPI32.dll
0x000007fefde60000 - 0x000007fefdeff000 	C:\Windows\system32\msvcrt.dll
0x000007fefdc70000 - 0x000007fefdc8f000 	C:\Windows\SYSTEM32\sechost.dll
0x000007feff600000 - 0x000007feff72d000 	C:\Windows\system32\RPCRT4.dll
0x0000000077310000 - 0x000000007740a000 	C:\Windows\system32\USER32.dll
0x000007feff730000 - 0x000007feff797000 	C:\Windows\system32\GDI32.dll
0x000007fefde50000 - 0x000007fefde5e000 	C:\Windows\system32\LPK.dll
0x000007feff530000 - 0x000007feff5fa000 	C:\Windows\system32\USP10.dll
0x000007fefb7e0000 - 0x000007fefb9d4000 	C:\Windows\WinSxS\amd64_microsoft.windows.common-controls_6595b64144ccf1df_6.0.7601.18837_none_fa3b1e3d17594757\COMCTL32.dll
0x000007feff2a0000 - 0x000007feff311000 	C:\Windows\system32\SHLWAPI.dll
0x000007feff0a0000 - 0x000007feff0ce000 	C:\Windows\system32\IMM32.DLL
0x000007fefdf10000 - 0x000007fefe019000 	C:\Windows\system32\MSCTF.dll
0x00000000644c0000 - 0x0000000064592000 	C:\Program Files\Java\jdk1.8.0_101\jre\bin\msvcr100.dll
0x0000000062140000 - 0x00000000629da000 	C:\Program Files\Java\jdk1.8.0_101\jre\bin\server\jvm.dll
0x000007fef65f0000 - 0x000007fef65f9000 	C:\Windows\system32\WSOCK32.dll
0x000007feff250000 - 0x000007feff29d000 	C:\Windows\system32\WS2_32.dll
0x000007fefdf00000 - 0x000007fefdf08000 	C:\Windows\system32\NSI.dll
0x000007fefb1a0000 - 0x000007fefb1db000 	C:\Windows\system32\WINMM.dll
0x000007fefc300000 - 0x000007fefc30c000 	C:\Windows\system32\VERSION.dll
0x0000000077700000 - 0x0000000077707000 	C:\Windows\system32\PSAPI.DLL
0x000000006dee0000 - 0x000000006deef000 	C:\Program Files\Java\jdk1.8.0_101\jre\bin\verify.dll
0x000000006d860000 - 0x000000006d889000 	C:\Program Files\Java\jdk1.8.0_101\jre\bin\java.dll
0x000000006d8a0000 - 0x000000006d8b6000 	C:\Program Files\Java\jdk1.8.0_101\jre\bin\zip.dll
0x000007fefe020000 - 0x000007fefedaa000 	C:\Windows\system32\SHELL32.dll
0x000007feff320000 - 0x000007feff523000 	C:\Windows\system32\ole32.dll
0x000007fefd220000 - 0x000007fefd22f000 	C:\Windows\system32\profapi.dll
0x000000006d7d0000 - 0x000000006d7dd000 	C:\Program Files\Java\jdk1.8.0_101\jre\bin\management.dll
0x000000006d840000 - 0x000000006d85a000 	C:\Program Files\Java\jdk1.8.0_101\jre\bin\net.dll
0x000007fefc9a0000 - 0x000007fefc9f5000 	C:\Windows\system32\mswsock.dll
0x000007fefcc10000 - 0x000007fefcc17000 	C:\Windows\System32\wship6.dll
0x000000006d820000 - 0x000000006d831000 	C:\Program Files\Java\jdk1.8.0_101\jre\bin\nio.dll
0x000007fefb3f0000 - 0x000007fefb405000 	C:\Windows\system32\NLAapi.dll
0x000007fefaf00000 - 0x000007fefaf15000 	C:\Windows\system32\napinsp.dll
0x000007fefaee0000 - 0x000007fefaef9000 	C:\Windows\system32\pnrpnsp.dll
0x000007fefc830000 - 0x000007fefc88b000 	C:\Windows\system32\DNSAPI.dll
0x000007fefaed0000 - 0x000007fefaedb000 	C:\Windows\System32\winrnr.dll
0x000007fefc3d0000 - 0x000007fefc3d7000 	C:\Windows\System32\wshtcpip.dll
0x000007fefa980000 - 0x000007fefa9a7000 	C:\Windows\system32\IPHLPAPI.DLL
0x000007fefa930000 - 0x000007fefa93b000 	C:\Windows\system32\WINNSI.DLL
0x000007fef37b0000 - 0x000007fef37b8000 	C:\Windows\system32\rasadhlp.dll
0x000007fefa8a0000 - 0x000007fefa8f3000 	C:\Windows\System32\fwpuclnt.dll
0x000007fefca00000 - 0x000007fefca18000 	C:\Windows\system32\CRYPTSP.dll
0x000007fefc710000 - 0x000007fefc757000 	C:\Windows\system32\rsaenh.dll
0x000007fefd5a0000 - 0x000007fefd5be000 	C:\Windows\system32\USERENV.dll
0x000007fefd0b0000 - 0x000007fefd0bf000 	C:\Windows\system32\CRYPTBASE.dll
0x000007fefa780000 - 0x000007fefa798000 	C:\Windows\system32\dhcpcsvc.DLL
0x000007fefa760000 - 0x000007fefa771000 	C:\Windows\system32\dhcpcsvc6.DLL
0x0000000066100000 - 0x0000000066124000 	C:\Program Files\Java\jdk1.8.0_101\jre\bin\sunec.dll

VM Arguments:
jvm_args: -Dcom.sun.management.jmxremote -Dcom.sun.management.jmxremote.port=64577 -Dcom.sun.management.jmxremote.authenticate=false -Dcom.sun.management.jmxremote.ssl=false -Dspring.liveBeansView.mbeanDomain -Dspring.application.admin.enabled=true -Dfile.encoding=UTF-8 
java_command: com.team1.MosaicApplication --spring.output.ansi.enabled=always
java_class_path (initial): D:\03_Src\01heesu\project\target\classes;C:\Users\java\.m2\repository\org\mybatis\spring\boot\mybatis-spring-boot-starter\1.2.0\mybatis-spring-boot-starter-1.2.0.jar;C:\Users\java\.m2\repository\org\springframework\boot\spring-boot-starter\1.5.1.RELEASE\spring-boot-starter-1.5.1.RELEASE.jar;C:\Users\java\.m2\repository\org\springframework\boot\spring-boot-starter-logging\1.5.1.RELEASE\spring-boot-starter-logging-1.5.1.RELEASE.jar;C:\Users\java\.m2\repository\ch\qos\logback\logback-classic\1.1.9\logback-classic-1.1.9.jar;C:\Users\java\.m2\repository\ch\qos\logback\logback-core\1.1.9\logback-core-1.1.9.jar;C:\Users\java\.m2\repository\org\slf4j\jcl-over-slf4j\1.7.22\jcl-over-slf4j-1.7.22.jar;C:\Users\java\.m2\repository\org\slf4j\jul-to-slf4j\1.7.22\jul-to-slf4j-1.7.22.jar;C:\Users\java\.m2\repository\org\slf4j\log4j-over-slf4j\1.7.22\log4j-over-slf4j-1.7.22.jar;C:\Users\java\.m2\repository\org\yaml\snakeyaml\1.17\snakeyaml-1.17.jar;C:\Users\java\.m2\repository\org\springframework\boot\spring-boot-starter-jdbc\1.5.1.RELEASE\spring-boot-starter-jdbc-1.5.1.RELEASE.jar;C:\Users\java\.m2\repository\org\apache\tomcat\tomcat-jdbc\8.5.11\tomcat-jdbc-8.5.11.jar;C:\Users\java\.m2\repository\org\apache\tomcat\tomcat-juli\8.5.11\tomcat-juli-8.5.11.jar;C:\Users\java\.m2\repository\org\springframework\spring-jdbc\4.3.6.RELEASE\spring-jdbc-4.3.6.RELEASE.jar;C:\Users\java\.m2\repository\org\springframework\spring-tx\4.3.6.RELEASE\spring-tx-4.3.6.RELEASE.jar;C:\Users\java\.m2\repository\org\mybatis\spring\boot\mybatis-spring-boot-autoconfigure\1.2.0\mybatis-spring-boot-autoconfigure-1.2.0.jar;C:\Users\java\.m2\repository\org\mybatis\mybatis\3.4.2\mybatis-3.4.2.jar;C:\Users\java\.m2\repository\org\mybatis\mybatis-spring\1.3.1\mybatis-spring-1.3.1.jar;C:\Users\java\.m2\repository\org\springframework\boot\spring-boot-starter-security\1.5.1.RELEASE\spring-boot-starter-security-1.5.1.RELEASE.jar;C:\Users\java\.m2\repository\org\springframework\spring-aop\4.3.6
Launcher Type: SUN_STANDARD

Environment Variables:
JAVA_HOME=C:\Program Files\Java\jdk1.8.0_101
PATH=C:/Program Files/Java/jdk1.8.0_101/BIN/../jre/bin/server;C:/Program Files/Java/jdk1.8.0_101/BIN/../jre/bin;C:/Program Files/Java/jdk1.8.0_101/BIN/../jre/lib/amd64;C:\app\oracle\product\12.1.0\dbhome_1\bin;C:\Program Files\spring-1.4.1.RELEASE\bin;C:\Users\java\AppData\Local\Android\sdk\tools;C:\Users\java\AppData\Local\Android\sdk\platform-tools;C:\Program Files\Java\jdk1.8.0_101\BIN;C:\ProgramData\Oracle\Java\javapath;C:\Windows\system32;C:\Windows;C:\Windows\System32\Wbem;C:\Windows\System32\WindowsPowerShell\v1.0\;C:\Program Files\nodejs\;C:\Program Files\Git\cmd;C:\Program Files\Git\mingw64\bin;C:\Program Files\Git\usr\bin;C:\Users\java\AppData\Roaming\npm;C:\Program Files (x86)\Microsoft VS Code\bin;C:\Program Files (x86)\Microsoft Office\Office12;C:\Program Files (x86)\StarUML;C:\Program Files (x86)\ESTsoft\ALSee\x64;C:\Program Files\sts-bundle_3.7.3\sts-3.7.3.RELEASE;
USERNAME=java
OS=Windows_NT
PROCESSOR_IDENTIFIER=Intel64 Family 6 Model 60 Stepping 3, GenuineIntel



---------------  S Y S T E M  ---------------

OS: Windows 7 , 64 bit Build 7601 (6.1.7601.23677)

CPU:total 4 (4 cores per cpu, 1 threads per core) family 6 model 60 stepping 3, cmov, cx8, fxsr, mmx, sse, sse2, sse3, ssse3, sse4.1, sse4.2, popcnt, avx, avx2, aes, clmul, erms, rtm, lzcnt, tsc, tscinvbit, bmi1, bmi2

Memory: 4k page, physical 8307836k(2838688k free), swap 10403128k(3668k free)

vm_info: Java HotSpot(TM) 64-Bit Server VM (25.101-b13) for windows-amd64 JRE (1.8.0_101-b13), built on Jun 22 2016 01:21:29 by "java_re" with MS VC++ 10.0 (VS2010)

time: Tue Mar 28 17:08:19 2017
elapsed time: 1922 seconds (0d 0h 32m 2s)

